[2025-06-30T18:31:13.143+0000] {local_task_job_runner.py:120} INFO - ::group::Pre task execution logs
[2025-06-30T18:31:13.230+0000] {taskinstance.py:2073} INFO - Dependencies all met for dep_context=non-requeueable deps ti=<TaskInstance: dag_with_python_dependencies_v02.get_sklearn scheduled__2022-07-23T00:00:00+00:00 [queued]>
[2025-06-30T18:31:13.241+0000] {taskinstance.py:2073} INFO - Dependencies all met for dep_context=requeueable deps ti=<TaskInstance: dag_with_python_dependencies_v02.get_sklearn scheduled__2022-07-23T00:00:00+00:00 [queued]>
[2025-06-30T18:31:13.242+0000] {taskinstance.py:2303} INFO - Starting attempt 1 of 1
[2025-06-30T18:31:13.292+0000] {taskinstance.py:2327} INFO - Executing <Task(PythonOperator): get_sklearn> on 2022-07-23 00:00:00+00:00
[2025-06-30T18:31:13.344+0000] {logging_mixin.py:188} WARNING - /home/***/.local/lib/python3.12/site-packages/***/task/task_runner/standard_task_runner.py:61 DeprecationWarning: This process (pid=5274) is multi-threaded, use of fork() may lead to deadlocks in the child.
[2025-06-30T18:31:13.347+0000] {standard_task_runner.py:63} INFO - Started process 5281 to run task
[2025-06-30T18:31:13.344+0000] {standard_task_runner.py:90} INFO - Running: ['***', 'tasks', 'run', 'dag_with_python_dependencies_v02', 'get_sklearn', 'scheduled__2022-07-23T00:00:00+00:00', '--job-id', '6231', '--raw', '--subdir', 'DAGS_FOLDER/dag_with_python_dependencies.py', '--cfg-path', '/tmp/tmpg6y6v9fh']
[2025-06-30T18:31:13.349+0000] {standard_task_runner.py:91} INFO - Job 6231: Subtask get_sklearn
[2025-06-30T18:31:13.613+0000] {task_command.py:426} INFO - Running <TaskInstance: dag_with_python_dependencies_v02.get_sklearn scheduled__2022-07-23T00:00:00+00:00 [running]> on host 98bcb8e24950
[2025-06-30T18:31:14.144+0000] {taskinstance.py:2644} INFO - Exporting env vars: AIRFLOW_CTX_DAG_OWNER='shivanshu' AIRFLOW_CTX_DAG_ID='dag_with_python_dependencies_v02' AIRFLOW_CTX_TASK_ID='get_sklearn' AIRFLOW_CTX_EXECUTION_DATE='2022-07-23T00:00:00+00:00' AIRFLOW_CTX_TRY_NUMBER='1' AIRFLOW_CTX_DAG_RUN_ID='scheduled__2022-07-23T00:00:00+00:00'
[2025-06-30T18:31:14.150+0000] {taskinstance.py:430} INFO - ::endgroup::
[2025-06-30T18:31:14.538+0000] {local_task_job_runner.py:124} ERROR - Received SIGTERM. Terminating subprocesses
[2025-06-30T18:31:14.709+0000] {process_utils.py:132} INFO - Sending 15 to group 5281. PIDs of all processes in the group: [5281]
[2025-06-30T18:31:14.710+0000] {process_utils.py:87} INFO - Sending the signal 15 to group 5281
[2025-06-30T18:31:14.711+0000] {taskinstance.py:2607} ERROR - Received SIGTERM. Terminating subprocesses.
[2025-06-30T18:31:14.713+0000] {taskinstance.py:441} INFO - ::group::Post task execution logs
[2025-06-30T18:31:14.876+0000] {taskinstance.py:2890} ERROR - Task failed with exception
Traceback (most recent call last):
  File "/home/airflow/.local/lib/python3.12/site-packages/airflow/models/taskinstance.py", line 465, in _execute_task
    result = _execute_callable(context=context, **execute_callable_kwargs)
             ^^^^^^^^^^^^^^^^^^^^^^^^^^^^^^^^^^^^^^^^^^^^^^^^^^^^^^^^^^^^^
  File "/home/airflow/.local/lib/python3.12/site-packages/airflow/models/taskinstance.py", line 432, in _execute_callable
    return execute_callable(context=context, **execute_callable_kwargs)
           ^^^^^^^^^^^^^^^^^^^^^^^^^^^^^^^^^^^^^^^^^^^^^^^^^^^^^^^^^^^^
  File "/home/airflow/.local/lib/python3.12/site-packages/airflow/models/baseoperator.py", line 400, in wrapper
    return func(self, *args, **kwargs)
           ^^^^^^^^^^^^^^^^^^^^^^^^^^^
  File "/home/airflow/.local/lib/python3.12/site-packages/airflow/operators/python.py", line 235, in execute
    return_value = self.execute_callable()
                   ^^^^^^^^^^^^^^^^^^^^^^^
  File "/home/airflow/.local/lib/python3.12/site-packages/airflow/operators/python.py", line 252, in execute_callable
    return self.python_callable(*self.op_args, **self.op_kwargs)
           ^^^^^^^^^^^^^^^^^^^^^^^^^^^^^^^^^^^^^^^^^^^^^^^^^^^^^
  File "/opt/airflow/dags/dag_with_python_dependencies.py", line 15, in get_sklearn
    import sklearn
  File "/home/airflow/.local/lib/python3.12/site-packages/sklearn/__init__.py", line 73, in <module>
    from .base import clone  # noqa: E402
    ^^^^^^^^^^^^^^^^^^^^^^^
  File "/home/airflow/.local/lib/python3.12/site-packages/sklearn/base.py", line 19, in <module>
    from .utils._metadata_requests import _MetadataRequester, _routing_enabled
  File "/home/airflow/.local/lib/python3.12/site-packages/sklearn/utils/__init__.py", line 9, in <module>
    from ._chunking import gen_batches, gen_even_slices
  File "/home/airflow/.local/lib/python3.12/site-packages/sklearn/utils/_chunking.py", line 11, in <module>
    from ._param_validation import Interval, validate_params
  File "/home/airflow/.local/lib/python3.12/site-packages/sklearn/utils/_param_validation.py", line 14, in <module>
    from scipy.sparse import csr_matrix, issparse
  File "/home/airflow/.local/lib/python3.12/site-packages/scipy/sparse/__init__.py", line 312, in <module>
    from ._construct import *
  File "/home/airflow/.local/lib/python3.12/site-packages/scipy/sparse/_construct.py", line 1400, in <module>
    @_transition_to_rng("random_state", position_num=5)
     ^^^^^^^^^^^^^^^^^^^^^^^^^^^^^^^^^^^^^^^^^^^^^^^^^^
  File "/home/airflow/.local/lib/python3.12/site-packages/scipy/_lib/_util.py", line 355, in decorator
    doc = FunctionDoc(wrapper)
          ^^^^^^^^^^^^^^^^^^^^
  File "/home/airflow/.local/lib/python3.12/site-packages/scipy/_lib/_docscrape.py", line 589, in __init__
    NumpyDocString.__init__(self, doc, config)
  File "/home/airflow/.local/lib/python3.12/site-packages/scipy/_lib/_docscrape.py", line 148, in __init__
    self._parse()
  File "/home/airflow/.local/lib/python3.12/site-packages/scipy/_lib/_docscrape.py", line 392, in _parse
    sections = list(self._read_sections())
               ^^^^^^^^^^^^^^^^^^^^^^^^^^^
  File "/home/airflow/.local/lib/python3.12/site-packages/scipy/_lib/_docscrape.py", line 214, in _read_sections
    data = self._read_to_next_section()
           ^^^^^^^^^^^^^^^^^^^^^^^^^^^^
  File "/home/airflow/.local/lib/python3.12/site-packages/scipy/_lib/_docscrape.py", line 202, in _read_to_next_section
    section = self._doc.read_to_next_empty_line()
              ^^^^^^^^^^^^^^^^^^^^^^^^^^^^^^^^^^^
  File "/home/airflow/.local/lib/python3.12/site-packages/scipy/_lib/_docscrape.py", line 83, in read_to_next_empty_line
    return self.read_to_condition(is_empty)
           ^^^^^^^^^^^^^^^^^^^^^^^^^^^^^^^^
  File "/home/airflow/.local/lib/python3.12/site-packages/scipy/_lib/_docscrape.py", line 70, in read_to_condition
    if condition_func(line):
       ^^^^^^^^^^^^^^^^^^^^
  File "/home/airflow/.local/lib/python3.12/site-packages/scipy/_lib/_docscrape.py", line 80, in is_empty
    def is_empty(line):
    
  File "/home/airflow/.local/lib/python3.12/site-packages/airflow/models/taskinstance.py", line 2609, in signal_handler
    raise AirflowTaskTerminated("Task received SIGTERM signal")
airflow.exceptions.AirflowTaskTerminated: Task received SIGTERM signal
[2025-06-30T18:31:15.072+0000] {taskinstance.py:1205} INFO - Marking task as FAILED. dag_id=dag_with_python_dependencies_v02, task_id=get_sklearn, execution_date=20220723T000000, start_date=20250630T183113, end_date=20250630T183115
[2025-06-30T18:31:15.356+0000] {process_utils.py:80} INFO - Process psutil.Process(pid=5281, status='terminated', exitcode=2, started='18:31:12') (5281) terminated with exit code 2
[2025-06-30T18:31:15.358+0000] {local_task_job_runner.py:240} INFO - Task exited with return code 143
[2025-06-30T18:31:15.394+0000] {taskinstance.py:3482} INFO - 0 downstream tasks scheduled from follow-on schedule check
[2025-06-30T18:31:17.904+0000] {local_task_job_runner.py:124} ERROR - Received SIGTERM. Terminating subprocesses
[2025-06-30T18:31:17.905+0000] {local_task_job_runner.py:240} INFO - Task exited with return code 143
