[2025-06-30T17:53:43.237+0000] {local_task_job_runner.py:120} INFO - ::group::Pre task execution logs
[2025-06-30T17:53:43.344+0000] {taskinstance.py:2073} INFO - Dependencies all met for dep_context=non-requeueable deps ti=<TaskInstance: dag_with_python_dependencies_v01.get_sklearn scheduled__2023-03-06T00:00:00+00:00 [queued]>
[2025-06-30T17:53:43.364+0000] {taskinstance.py:2073} INFO - Dependencies all met for dep_context=requeueable deps ti=<TaskInstance: dag_with_python_dependencies_v01.get_sklearn scheduled__2023-03-06T00:00:00+00:00 [queued]>
[2025-06-30T17:53:43.365+0000] {taskinstance.py:2303} INFO - Starting attempt 1 of 1
[2025-06-30T17:53:43.436+0000] {taskinstance.py:2327} INFO - Executing <Task(PythonOperator): get_sklearn> on 2023-03-06 00:00:00+00:00
[2025-06-30T17:53:43.460+0000] {logging_mixin.py:188} WARNING - /home/***/.local/lib/python3.12/site-packages/***/task/task_runner/standard_task_runner.py:61 DeprecationWarning: This process (pid=1578) is multi-threaded, use of fork() may lead to deadlocks in the child.
[2025-06-30T17:53:43.471+0000] {standard_task_runner.py:63} INFO - Started process 1582 to run task
[2025-06-30T17:53:43.467+0000] {standard_task_runner.py:90} INFO - Running: ['***', 'tasks', 'run', 'dag_with_python_dependencies_v01', 'get_sklearn', 'scheduled__2023-03-06T00:00:00+00:00', '--job-id', '4950', '--raw', '--subdir', 'DAGS_FOLDER/dag_with_python_dependencies.py', '--cfg-path', '/tmp/tmpjj3q1pwb']
[2025-06-30T17:53:43.481+0000] {standard_task_runner.py:91} INFO - Job 4950: Subtask get_sklearn
[2025-06-30T17:53:43.671+0000] {task_command.py:426} INFO - Running <TaskInstance: dag_with_python_dependencies_v01.get_sklearn scheduled__2023-03-06T00:00:00+00:00 [running]> on host 10ba4c57dcb8
[2025-06-30T17:53:44.049+0000] {taskinstance.py:2644} INFO - Exporting env vars: AIRFLOW_CTX_DAG_OWNER='shivanshu' AIRFLOW_CTX_DAG_ID='dag_with_python_dependencies_v01' AIRFLOW_CTX_TASK_ID='get_sklearn' AIRFLOW_CTX_EXECUTION_DATE='2023-03-06T00:00:00+00:00' AIRFLOW_CTX_TRY_NUMBER='1' AIRFLOW_CTX_DAG_RUN_ID='scheduled__2023-03-06T00:00:00+00:00'
[2025-06-30T17:53:44.060+0000] {taskinstance.py:430} INFO - ::endgroup::
[2025-06-30T17:53:48.053+0000] {local_task_job_runner.py:124} ERROR - Received SIGTERM. Terminating subprocesses
[2025-06-30T17:53:48.164+0000] {process_utils.py:132} INFO - Sending 15 to group 1582. PIDs of all processes in the group: [1582]
[2025-06-30T17:53:48.164+0000] {process_utils.py:87} INFO - Sending the signal 15 to group 1582
[2025-06-30T17:53:48.165+0000] {taskinstance.py:2607} ERROR - Received SIGTERM. Terminating subprocesses.
[2025-06-30T17:53:48.214+0000] {taskinstance.py:441} INFO - ::group::Post task execution logs
[2025-06-30T17:53:48.298+0000] {taskinstance.py:2890} ERROR - Task failed with exception
Traceback (most recent call last):
  File "/home/airflow/.local/lib/python3.12/site-packages/airflow/models/taskinstance.py", line 465, in _execute_task
    result = _execute_callable(context=context, **execute_callable_kwargs)
             ^^^^^^^^^^^^^^^^^^^^^^^^^^^^^^^^^^^^^^^^^^^^^^^^^^^^^^^^^^^^^
  File "/home/airflow/.local/lib/python3.12/site-packages/airflow/models/taskinstance.py", line 432, in _execute_callable
    return execute_callable(context=context, **execute_callable_kwargs)
           ^^^^^^^^^^^^^^^^^^^^^^^^^^^^^^^^^^^^^^^^^^^^^^^^^^^^^^^^^^^^
  File "/home/airflow/.local/lib/python3.12/site-packages/airflow/models/baseoperator.py", line 400, in wrapper
    return func(self, *args, **kwargs)
           ^^^^^^^^^^^^^^^^^^^^^^^^^^^
  File "/home/airflow/.local/lib/python3.12/site-packages/airflow/operators/python.py", line 235, in execute
    return_value = self.execute_callable()
                   ^^^^^^^^^^^^^^^^^^^^^^^
  File "/home/airflow/.local/lib/python3.12/site-packages/airflow/operators/python.py", line 252, in execute_callable
    return self.python_callable(*self.op_args, **self.op_kwargs)
           ^^^^^^^^^^^^^^^^^^^^^^^^^^^^^^^^^^^^^^^^^^^^^^^^^^^^^
  File "/opt/airflow/dags/dag_with_python_dependencies.py", line 15, in get_sklearn
    import sklearn
  File "/home/airflow/.local/lib/python3.12/site-packages/sklearn/__init__.py", line 73, in <module>
    from .base import clone  # noqa: E402
    ^^^^^^^^^^^^^^^^^^^^^^^
  File "/home/airflow/.local/lib/python3.12/site-packages/sklearn/base.py", line 19, in <module>
    from .utils._metadata_requests import _MetadataRequester, _routing_enabled
  File "/home/airflow/.local/lib/python3.12/site-packages/sklearn/utils/__init__.py", line 9, in <module>
    from ._chunking import gen_batches, gen_even_slices
  File "/home/airflow/.local/lib/python3.12/site-packages/sklearn/utils/_chunking.py", line 11, in <module>
    from ._param_validation import Interval, validate_params
  File "/home/airflow/.local/lib/python3.12/site-packages/sklearn/utils/_param_validation.py", line 17, in <module>
    from .validation import _is_arraylike_not_scalar
  File "/home/airflow/.local/lib/python3.12/site-packages/sklearn/utils/validation.py", line 21, in <module>
    from ..utils._array_api import _asarray_with_order, _is_numpy_namespace, get_namespace
  File "/home/airflow/.local/lib/python3.12/site-packages/sklearn/utils/_array_api.py", line 20, in <module>
    from .fixes import parse_version
  File "/home/airflow/.local/lib/python3.12/site-packages/sklearn/utils/fixes.py", line 16, in <module>
    import scipy.stats
  File "/home/airflow/.local/lib/python3.12/site-packages/scipy/stats/__init__.py", line 626, in <module>
    from ._stats_py import *
  File "/home/airflow/.local/lib/python3.12/site-packages/scipy/stats/_stats_py.py", line 52, in <module>
    from . import distributions
  File "/home/airflow/.local/lib/python3.12/site-packages/scipy/stats/distributions.py", line 10, in <module>
    from . import _continuous_distns
  File "/home/airflow/.local/lib/python3.12/site-packages/scipy/stats/_continuous_distns.py", line 6571, in <module>
    logistic = logistic_gen(name='logistic')
               ^^^^^^^^^^^^^^^^^^^^^^^^^^^^^
  File "/home/airflow/.local/lib/python3.12/site-packages/scipy/stats/_distn_infrastructure.py", line 1891, in __init__
    self._construct_argparser(meths_to_inspect=[self._pdf, self._cdf],
  File "/home/airflow/.local/lib/python3.12/site-packages/scipy/stats/_distn_infrastructure.py", line 786, in _construct_argparser
    shapes_args = _getfullargspec(meth)  # NB does not contain self
                  ^^^^^^^^^^^^^^^^^^^^^
  File "/home/airflow/.local/lib/python3.12/site-packages/scipy/_lib/_util.py", line 537, in getfullargspec_no_self
    p.name for p in sig.parameters.values()
    ^^^^^^
  File "/home/airflow/.local/lib/python3.12/site-packages/airflow/models/taskinstance.py", line 2609, in signal_handler
    raise AirflowTaskTerminated("Task received SIGTERM signal")
airflow.exceptions.AirflowTaskTerminated: Task received SIGTERM signal
[2025-06-30T17:53:48.518+0000] {taskinstance.py:1205} INFO - Marking task as FAILED. dag_id=dag_with_python_dependencies_v01, task_id=get_sklearn, execution_date=20230306T000000, start_date=20250630T175343, end_date=20250630T175348
[2025-06-30T17:53:50.148+0000] {process_utils.py:80} INFO - Process psutil.Process(pid=1582, status='terminated', exitcode=2, started='17:53:42') (1582) terminated with exit code 2
[2025-06-30T17:53:50.152+0000] {local_task_job_runner.py:240} INFO - Task exited with return code 143
[2025-06-30T17:53:50.215+0000] {taskinstance.py:3482} INFO - 0 downstream tasks scheduled from follow-on schedule check
[2025-06-30T17:53:50.277+0000] {local_task_job_runner.py:222} INFO - ::endgroup::
