[2025-06-30T18:29:35.049+0000] {local_task_job_runner.py:120} INFO - ::group::Pre task execution logs
[2025-06-30T18:29:35.257+0000] {taskinstance.py:2073} INFO - Dependencies all met for dep_context=non-requeueable deps ti=<TaskInstance: dag_with_python_dependencies_v02.get_matplotlib scheduled__2022-05-12T00:00:00+00:00 [queued]>
[2025-06-30T18:29:35.294+0000] {taskinstance.py:2073} INFO - Dependencies all met for dep_context=requeueable deps ti=<TaskInstance: dag_with_python_dependencies_v02.get_matplotlib scheduled__2022-05-12T00:00:00+00:00 [queued]>
[2025-06-30T18:29:35.297+0000] {taskinstance.py:2303} INFO - Starting attempt 1 of 1
[2025-06-30T18:29:35.360+0000] {taskinstance.py:2327} INFO - Executing <Task(PythonOperator): get_matplotlib> on 2022-05-12 00:00:00+00:00
[2025-06-30T18:29:35.415+0000] {standard_task_runner.py:90} INFO - Running: ['***', 'tasks', 'run', 'dag_with_python_dependencies_v02', 'get_matplotlib', 'scheduled__2022-05-12T00:00:00+00:00', '--job-id', '6099', '--raw', '--subdir', 'DAGS_FOLDER/dag_with_python_dependencies.py', '--cfg-path', '/tmp/tmpx5s9m6ym']
[2025-06-30T18:29:35.426+0000] {standard_task_runner.py:91} INFO - Job 6099: Subtask get_matplotlib
[2025-06-30T18:29:35.423+0000] {logging_mixin.py:188} WARNING - /home/***/.local/lib/python3.12/site-packages/***/task/task_runner/standard_task_runner.py:61 DeprecationWarning: This process (pid=4652) is multi-threaded, use of fork() may lead to deadlocks in the child.
[2025-06-30T18:29:35.445+0000] {standard_task_runner.py:63} INFO - Started process 4659 to run task
[2025-06-30T18:29:35.798+0000] {task_command.py:426} INFO - Running <TaskInstance: dag_with_python_dependencies_v02.get_matplotlib scheduled__2022-05-12T00:00:00+00:00 [running]> on host 98bcb8e24950
[2025-06-30T18:29:36.279+0000] {taskinstance.py:2644} INFO - Exporting env vars: AIRFLOW_CTX_DAG_OWNER='shivanshu' AIRFLOW_CTX_DAG_ID='dag_with_python_dependencies_v02' AIRFLOW_CTX_TASK_ID='get_matplotlib' AIRFLOW_CTX_EXECUTION_DATE='2022-05-12T00:00:00+00:00' AIRFLOW_CTX_TRY_NUMBER='1' AIRFLOW_CTX_DAG_RUN_ID='scheduled__2022-05-12T00:00:00+00:00'
[2025-06-30T18:29:36.284+0000] {taskinstance.py:430} INFO - ::endgroup::
[2025-06-30T18:29:36.337+0000] {taskinstance.py:441} INFO - ::group::Post task execution logs
[2025-06-30T18:29:36.338+0000] {taskinstance.py:2890} ERROR - Task failed with exception
Traceback (most recent call last):
  File "/home/airflow/.local/lib/python3.12/site-packages/airflow/models/taskinstance.py", line 465, in _execute_task
    result = _execute_callable(context=context, **execute_callable_kwargs)
             ^^^^^^^^^^^^^^^^^^^^^^^^^^^^^^^^^^^^^^^^^^^^^^^^^^^^^^^^^^^^^
  File "/home/airflow/.local/lib/python3.12/site-packages/airflow/models/taskinstance.py", line 432, in _execute_callable
    return execute_callable(context=context, **execute_callable_kwargs)
           ^^^^^^^^^^^^^^^^^^^^^^^^^^^^^^^^^^^^^^^^^^^^^^^^^^^^^^^^^^^^
  File "/home/airflow/.local/lib/python3.12/site-packages/airflow/models/baseoperator.py", line 400, in wrapper
    return func(self, *args, **kwargs)
           ^^^^^^^^^^^^^^^^^^^^^^^^^^^
  File "/home/airflow/.local/lib/python3.12/site-packages/airflow/operators/python.py", line 235, in execute
    return_value = self.execute_callable()
                   ^^^^^^^^^^^^^^^^^^^^^^^
  File "/home/airflow/.local/lib/python3.12/site-packages/airflow/operators/python.py", line 252, in execute_callable
    return self.python_callable(*self.op_args, **self.op_kwargs)
           ^^^^^^^^^^^^^^^^^^^^^^^^^^^^^^^^^^^^^^^^^^^^^^^^^^^^^
  File "/opt/airflow/dags/dag_with_python_dependencies.py", line 20, in get_matplotlib
    import matplotlib
ModuleNotFoundError: No module named 'matplotlib'
[2025-06-30T18:29:36.375+0000] {taskinstance.py:1205} INFO - Marking task as FAILED. dag_id=dag_with_python_dependencies_v02, task_id=get_matplotlib, execution_date=20220512T000000, start_date=20250630T182935, end_date=20250630T182936
[2025-06-30T18:29:36.440+0000] {standard_task_runner.py:110} ERROR - Failed to execute job 6099 for task get_matplotlib (No module named 'matplotlib'; 4659)
[2025-06-30T18:29:36.498+0000] {local_task_job_runner.py:240} INFO - Task exited with return code 1
[2025-06-30T18:29:36.574+0000] {taskinstance.py:3482} INFO - 0 downstream tasks scheduled from follow-on schedule check
[2025-06-30T18:29:36.588+0000] {local_task_job_runner.py:222} INFO - ::endgroup::
