[2025-06-30T18:15:33.297+0000] {local_task_job_runner.py:120} INFO - ::group::Pre task execution logs
[2025-06-30T18:15:33.581+0000] {taskinstance.py:2073} INFO - Dependencies all met for dep_context=non-requeueable deps ti=<TaskInstance: dag_with_python_dependencies_v01.get_sklearn scheduled__2024-04-10T00:00:00+00:00 [queued]>
[2025-06-30T18:15:33.729+0000] {taskinstance.py:2073} INFO - Dependencies all met for dep_context=requeueable deps ti=<TaskInstance: dag_with_python_dependencies_v01.get_sklearn scheduled__2024-04-10T00:00:00+00:00 [queued]>
[2025-06-30T18:15:33.730+0000] {taskinstance.py:2303} INFO - Starting attempt 1 of 1
[2025-06-30T18:15:33.895+0000] {taskinstance.py:2327} INFO - Executing <Task(PythonOperator): get_sklearn> on 2024-04-10 00:00:00+00:00
[2025-06-30T18:15:34.057+0000] {logging_mixin.py:188} WARNING - /home/***/.local/lib/python3.12/site-packages/***/task/task_runner/standard_task_runner.py:61 DeprecationWarning: This process (pid=2981) is multi-threaded, use of fork() may lead to deadlocks in the child.
[2025-06-30T18:15:34.073+0000] {standard_task_runner.py:63} INFO - Started process 2993 to run task
[2025-06-30T18:15:34.049+0000] {standard_task_runner.py:90} INFO - Running: ['***', 'tasks', 'run', 'dag_with_python_dependencies_v01', 'get_sklearn', 'scheduled__2024-04-10T00:00:00+00:00', '--job-id', '5355', '--raw', '--subdir', 'DAGS_FOLDER/dag_with_python_dependencies.py', '--cfg-path', '/tmp/tmp7erns9te']
[2025-06-30T18:15:34.080+0000] {standard_task_runner.py:91} INFO - Job 5355: Subtask get_sklearn
[2025-06-30T18:15:34.305+0000] {task_command.py:426} INFO - Running <TaskInstance: dag_with_python_dependencies_v01.get_sklearn scheduled__2024-04-10T00:00:00+00:00 [running]> on host 81653ea356e2
[2025-06-30T18:15:34.629+0000] {taskinstance.py:2644} INFO - Exporting env vars: AIRFLOW_CTX_DAG_OWNER='shivanshu' AIRFLOW_CTX_DAG_ID='dag_with_python_dependencies_v01' AIRFLOW_CTX_TASK_ID='get_sklearn' AIRFLOW_CTX_EXECUTION_DATE='2024-04-10T00:00:00+00:00' AIRFLOW_CTX_TRY_NUMBER='1' AIRFLOW_CTX_DAG_RUN_ID='scheduled__2024-04-10T00:00:00+00:00'
[2025-06-30T18:15:34.632+0000] {taskinstance.py:430} INFO - ::endgroup::
[2025-06-30T18:15:35.462+0000] {local_task_job_runner.py:124} ERROR - Received SIGTERM. Terminating subprocesses
[2025-06-30T18:15:35.558+0000] {process_utils.py:132} INFO - Sending 15 to group 2993. PIDs of all processes in the group: [2993]
[2025-06-30T18:15:35.559+0000] {process_utils.py:87} INFO - Sending the signal 15 to group 2993
[2025-06-30T18:15:35.571+0000] {taskinstance.py:2607} ERROR - Received SIGTERM. Terminating subprocesses.
[2025-06-30T18:15:35.572+0000] {logging_mixin.py:188} WARNING - Traceback (most recent call last):
[2025-06-30T18:15:35.572+0000] {logging_mixin.py:188} WARNING -   File "<frozen importlib._bootstrap>", line 1360, in _find_and_load
[2025-06-30T18:15:35.573+0000] {logging_mixin.py:188} WARNING -   File "<frozen importlib._bootstrap>", line 1331, in _find_and_load_unlocked
[2025-06-30T18:15:35.573+0000] {logging_mixin.py:188} WARNING -   File "<frozen importlib._bootstrap>", line 935, in _load_unlocked
[2025-06-30T18:15:35.573+0000] {logging_mixin.py:188} WARNING -   File "<frozen importlib._bootstrap_external>", line 991, in exec_module
[2025-06-30T18:15:35.574+0000] {logging_mixin.py:188} WARNING -   File "<frozen importlib._bootstrap_external>", line 1124, in get_code
[2025-06-30T18:15:35.815+0000] {logging_mixin.py:188} WARNING -   File "<frozen importlib._bootstrap_external>", line 753, in _compile_bytecode
[2025-06-30T18:15:35.817+0000] {logging_mixin.py:188} WARNING -   File "/home/***/.local/lib/python3.12/site-packages/***/models/taskinstance.py", line 2609, in signal_handler
[2025-06-30T18:15:35.819+0000] {logging_mixin.py:188} WARNING -     raise AirflowTaskTerminated("Task received SIGTERM signal")
[2025-06-30T18:15:35.928+0000] {logging_mixin.py:188} WARNING - ***.exceptions.AirflowTaskTerminated: Task received SIGTERM signal
[2025-06-30T18:15:35.929+0000] {taskinstance.py:441} INFO - ::group::Post task execution logs
[2025-06-30T18:15:35.929+0000] {taskinstance.py:2890} ERROR - Task failed with exception
Traceback (most recent call last):
  File "/home/airflow/.local/lib/python3.12/site-packages/airflow/models/taskinstance.py", line 465, in _execute_task
    result = _execute_callable(context=context, **execute_callable_kwargs)
             ^^^^^^^^^^^^^^^^^^^^^^^^^^^^^^^^^^^^^^^^^^^^^^^^^^^^^^^^^^^^^
  File "/home/airflow/.local/lib/python3.12/site-packages/airflow/models/taskinstance.py", line 432, in _execute_callable
    return execute_callable(context=context, **execute_callable_kwargs)
           ^^^^^^^^^^^^^^^^^^^^^^^^^^^^^^^^^^^^^^^^^^^^^^^^^^^^^^^^^^^^
  File "/home/airflow/.local/lib/python3.12/site-packages/airflow/models/baseoperator.py", line 400, in wrapper
    return func(self, *args, **kwargs)
           ^^^^^^^^^^^^^^^^^^^^^^^^^^^
  File "/home/airflow/.local/lib/python3.12/site-packages/airflow/operators/python.py", line 235, in execute
    return_value = self.execute_callable()
                   ^^^^^^^^^^^^^^^^^^^^^^^
  File "/home/airflow/.local/lib/python3.12/site-packages/airflow/operators/python.py", line 252, in execute_callable
    return self.python_callable(*self.op_args, **self.op_kwargs)
           ^^^^^^^^^^^^^^^^^^^^^^^^^^^^^^^^^^^^^^^^^^^^^^^^^^^^^
  File "/opt/airflow/dags/dag_with_python_dependencies.py", line 15, in get_sklearn
    import sklearn
  File "/home/airflow/.local/lib/python3.12/site-packages/sklearn/__init__.py", line 73, in <module>
    from .base import clone  # noqa: E402
    ^^^^^^^^^^^^^^^^^^^^^^^
  File "/home/airflow/.local/lib/python3.12/site-packages/sklearn/base.py", line 19, in <module>
    from .utils._metadata_requests import _MetadataRequester, _routing_enabled
  File "/home/airflow/.local/lib/python3.12/site-packages/sklearn/utils/__init__.py", line 9, in <module>
    from ._chunking import gen_batches, gen_even_slices
  File "/home/airflow/.local/lib/python3.12/site-packages/sklearn/utils/_chunking.py", line 11, in <module>
    from ._param_validation import Interval, validate_params
  File "/home/airflow/.local/lib/python3.12/site-packages/sklearn/utils/_param_validation.py", line 14, in <module>
    from scipy.sparse import csr_matrix, issparse
  File "/home/airflow/.local/lib/python3.12/site-packages/scipy/sparse/__init__.py", line 305, in <module>
    from ._csr import *
  File "/home/airflow/.local/lib/python3.12/site-packages/scipy/sparse/_csr.py", line 11, in <module>
    from ._sparsetools import (csr_tocsc, csr_tobsr, csr_count_blocks,
ImportError: numpy._core.multiarray failed to import
[2025-06-30T18:15:36.362+0000] {taskinstance.py:1205} INFO - Marking task as FAILED. dag_id=dag_with_python_dependencies_v01, task_id=get_sklearn, execution_date=20240410T000000, start_date=20250630T181533, end_date=20250630T181536
[2025-06-30T18:15:39.139+0000] {standard_task_runner.py:110} ERROR - Failed to execute job 5355 for task get_sklearn (numpy._core.multiarray failed to import; 2993)
[2025-06-30T18:15:39.468+0000] {process_utils.py:80} INFO - Process psutil.Process(pid=2993, status='terminated', exitcode=1, started='18:15:33') (2993) terminated with exit code 1
[2025-06-30T18:15:39.470+0000] {local_task_job_runner.py:240} INFO - Task exited with return code 143
[2025-06-30T18:15:39.802+0000] {taskinstance.py:3482} INFO - 0 downstream tasks scheduled from follow-on schedule check
[2025-06-30T18:15:40.154+0000] {local_task_job_runner.py:222} INFO - ::endgroup::
